0 info it worked if it ends with ok
1 verbose cli [ '/usr/local/bin/node', '/usr/local/bin/npm', 'publish' ]
2 info using npm@2.14.7
3 info using node@v4.2.2
4 verbose publish [ '.' ]
5 silly cache add args [ '.', null ]
6 verbose cache add spec .
7 silly cache add parsed spec Result {
7 silly cache add   raw: '.',
7 silly cache add   scope: null,
7 silly cache add   name: null,
7 silly cache add   rawSpec: '.',
7 silly cache add   spec: '/Users/mauroconstantinescu/Documents/alquimia-packages/alquimia-translations',
7 silly cache add   type: 'directory' }
8 verbose addLocalDirectory /Users/mauroconstantinescu/.npm/alquimia-translations/0.0.4/package.tgz not in flight; packing
9 verbose tar pack [ '/Users/mauroconstantinescu/.npm/alquimia-translations/0.0.4/package.tgz',
9 verbose tar pack   '/Users/mauroconstantinescu/Documents/alquimia-packages/alquimia-translations' ]
10 verbose tarball /Users/mauroconstantinescu/.npm/alquimia-translations/0.0.4/package.tgz
11 verbose folder /Users/mauroconstantinescu/Documents/alquimia-packages/alquimia-translations
12 info prepublish alquimia-translations@0.0.4
13 verbose addLocalTarball adding from inside cache /Users/mauroconstantinescu/.npm/alquimia-translations/0.0.4/package.tgz
14 silly cache afterAdd alquimia-translations@0.0.4
15 verbose afterAdd /Users/mauroconstantinescu/.npm/alquimia-translations/0.0.4/package/package.json not in flight; writing
16 verbose afterAdd /Users/mauroconstantinescu/.npm/alquimia-translations/0.0.4/package/package.json written
17 silly publish { name: 'alquimia-translations',
17 silly publish   version: '0.0.4',
17 silly publish   description: 'Translations support for Angular, through angular-gettext.',
17 silly publish   dependencies:
17 silly publish    { 'alquimia-angular': '',
17 silly publish      grunt: '',
17 silly publish      'grunt-angular-gettext': '' },
17 silly publish   repository:
17 silly publish    { type: 'git',
17 silly publish      url: 'git+https://github.com/AlquimiaWRG/alquimia-wordpress.git' },
17 silly publish   scripts: { test: 'echo "Error: no test specified" && exit 1' },
17 silly publish   author: { name: 'Mauro Constantinescu' },
17 silly publish   license: 'ISC',
17 silly publish   gitHead: '1636c487799c2b1ffc60cbbe9091cf70ab073bad',
17 silly publish   bugs: { url: 'https://github.com/AlquimiaWRG/alquimia-wordpress/issues' },
17 silly publish   readme: 'ERROR: No README data found!',
17 silly publish   homepage: 'https://github.com/AlquimiaWRG/alquimia-wordpress#readme',
17 silly publish   _id: 'alquimia-translations@0.0.4',
17 silly publish   _shasum: '6bcf8705b44c53ac6b100b88105d0e8e8b3d57c9',
17 silly publish   _from: '.' }
18 verbose getPublishConfig undefined
19 silly mapToRegistry name alquimia-translations
20 silly mapToRegistry using default registry
21 silly mapToRegistry registry https://registry.npmjs.org/
22 silly mapToRegistry uri https://registry.npmjs.org/alquimia-translations
23 verbose publish registryBase https://registry.npmjs.org/
24 silly publish uploading /Users/mauroconstantinescu/.npm/alquimia-translations/0.0.4/package.tgz
25 verbose request uri https://registry.npmjs.org/alquimia-translations
26 verbose request sending authorization for write operation
27 info attempt registry request try #1 at 7:30:32 PM
28 verbose request using bearer token for auth
29 verbose request id 6cb773deb1aca321
30 http request PUT https://registry.npmjs.org/alquimia-translations
31 http 403 https://registry.npmjs.org/alquimia-translations
32 verbose headers { 'content-type': 'application/json',
32 verbose headers   'cache-control': 'max-age=300',
32 verbose headers   'content-length': '95',
32 verbose headers   'accept-ranges': 'bytes',
32 verbose headers   date: 'Sat, 26 Dec 2015 18:30:33 GMT',
32 verbose headers   via: '1.1 varnish',
32 verbose headers   connection: 'keep-alive',
32 verbose headers   'x-served-by': 'cache-lhr6330-LHR',
32 verbose headers   'x-cache': 'MISS',
32 verbose headers   'x-cache-hits': '0',
32 verbose headers   'x-timer': 'S1451154632.447935,VS0,VE936' }
33 verbose request invalidating /Users/mauroconstantinescu/.npm/registry.npmjs.org/alquimia-translations on PUT
34 error publish Failed PUT 403
35 verbose stack Error: "You cannot publish over the previously published version 0.0.4." : alquimia-translations
35 verbose stack     at makeError (/usr/local/lib/node_modules/npm/node_modules/npm-registry-client/lib/request.js:264:12)
35 verbose stack     at CachingRegistryClient.<anonymous> (/usr/local/lib/node_modules/npm/node_modules/npm-registry-client/lib/request.js:252:14)
35 verbose stack     at Request._callback (/usr/local/lib/node_modules/npm/node_modules/npm-registry-client/lib/request.js:172:14)
35 verbose stack     at Request.self.callback (/usr/local/lib/node_modules/npm/node_modules/request/request.js:198:22)
35 verbose stack     at emitTwo (events.js:87:13)
35 verbose stack     at Request.emit (events.js:172:7)
35 verbose stack     at Request.<anonymous> (/usr/local/lib/node_modules/npm/node_modules/request/request.js:1063:14)
35 verbose stack     at emitOne (events.js:82:20)
35 verbose stack     at Request.emit (events.js:169:7)
35 verbose stack     at IncomingMessage.<anonymous> (/usr/local/lib/node_modules/npm/node_modules/request/request.js:1009:12)
36 verbose statusCode 403
37 verbose pkgid alquimia-translations
38 verbose cwd /Users/mauroconstantinescu/Documents/alquimia-packages/alquimia-translations
39 error Darwin 15.0.0
40 error argv "/usr/local/bin/node" "/usr/local/bin/npm" "publish"
41 error node v4.2.2
42 error npm  v2.14.7
43 error code E403
44 error "You cannot publish over the previously published version 0.0.4." : alquimia-translations
45 error If you need help, you may report this error at:
45 error     <https://github.com/npm/npm/issues>
46 verbose exit [ 1, true ]
